[Thu Jun 18 07:00:20 AM UTC 2026] === Round 1 ===
[Thu Jun 18 07:00:20 AM UTC 2026] GPU 0 <- baseline
[Thu Jun 18 07:00:20 AM UTC 2026] GPU 1 <- train_en
[Thu Jun 18 07:00:20 AM UTC 2026] GPU 2 <- train_yo
[Thu Jun 18 07:00:20 AM UTC 2026] GPU 3 <- train_so
[Thu Jun 18 07:12:22 AM UTC 2026] pid 842604 done
[Thu Jun 18 07:15:10 AM UTC 2026] pid 842606 done
[Thu Jun 18 07:15:22 AM UTC 2026] pid 842608 done
[Thu Jun 18 07:15:22 AM UTC 2026] pid 842610 done
[Thu Jun 18 07:15:22 AM UTC 2026] === Round 2 ===
[Thu Jun 18 07:15:22 AM UTC 2026] GPU 0 <- train_ha
[Thu Jun 18 07:15:22 AM UTC 2026] GPU 1 <- mix_en_yo
[Thu Jun 18 07:15:22 AM UTC 2026] GPU 2 <- mix_en_so
[Thu Jun 18 07:15:22 AM UTC 2026] GPU 3 <- mix_en_ha
[Thu Jun 18 07:30:36 AM UTC 2026] pid 847254 done
[Thu Jun 18 07:30:36 AM UTC 2026] pid 847256 done
[Thu Jun 18 07:30:36 AM UTC 2026] pid 847258 done
[Thu Jun 18 07:30:36 AM UTC 2026] pid 847260 done
[Thu Jun 18 07:30:36 AM UTC 2026] === Summary ===
model          |  yo_lc  yo_en |  so_lc  so_en |  ha_lc  ha_en
-----------------------------------------------------------------
baseline       |  0.985  0.000 |  0.985  0.000 |  0.995  0.000
train_en       |  0.995  0.000 |  0.990  0.000 |  0.995  0.000
train_yo       |  1.000  0.000 |  0.975  0.005 |  0.959  0.000
train_so       |  0.975  0.000 |  0.980  0.000 |  0.985  0.000
train_ha       |  0.980  0.000 |  0.995  0.000 |  0.984  0.000
mix_en_yo      |  0.985  0.000 |  0.995  0.000 |  0.940  0.005
mix_en_so      |  0.965  0.000 |  0.995  0.000 |  0.995  0.000
mix_en_ha      |  0.985  0.005 |  1.000  0.000 |  0.984  0.000
